build/app/intermediates/manifest_merge_blame_file/release/manifest-merger-blame-release-report.txt
1<?xml version="1.0" encoding="utf-8"?>
2<manifest xmlns:android="http://schemas.android.com/apk/res/android"
3    package="com.psyche.mindscape"
4    android:versionCode="1"
5    android:versionName="1.0.0" >
6
7    <uses-sdk
8        android:minSdkVersion="21"
8-->src\main\AndroidManifest.xml
9        android:targetSdkVersion="33" />
9-->src\main\AndroidManifest.xml
10
11    <uses-permission android:name="android.permission.INTERNET" />
11-->src\main\AndroidManifest.xml:4:5-66
11-->src\main\AndroidManifest.xml:4:22-64
12    <uses-permission android:name="android.permission.CAMERA" />
12-->src\main\AndroidManifest.xml:5:5-64
12-->src\main\AndroidManifest.xml:5:22-62
13    <uses-permission
13-->src\main\AndroidManifest.xml:6:5-80
14        android:name="android.permission.READ_EXTERNAL_STORAGE"
14-->src\main\AndroidManifest.xml:6:22-77
15        android:maxSdkVersion="32" />
15-->[:file_picker] AndroidManifest.xml:11:9-35
16    <uses-permission android:name="android.permission.WRITE_EXTERNAL_STORAGE" />
16-->src\main\AndroidManifest.xml:7:5-81
16-->src\main\AndroidManifest.xml:7:22-78
17
18    <queries>
18-->[:file_picker] AndroidManifest.xml:13:5-19:15
19        <intent>
19-->[:file_picker] AndroidManifest.xml:14:9-18:18
20            <action android:name="android.intent.action.GET_CONTENT" />
20-->[:file_picker] AndroidManifest.xml:15:13-72
20-->[:file_picker] AndroidManifest.xml:15:21-69
21
22            <data android:mimeType="*/*" />
22-->src\main\AndroidManifest.xml:50:17-81
23        </intent>
24    </queries>
25
26    <uses-permission android:name="android.permission.ACCESS_NETWORK_STATE" />
26-->[com.google.firebase:firebase-auth:22.3.0] AndroidManifest.xml:26:5-79
26-->[com.google.firebase:firebase-auth:22.3.0] AndroidManifest.xml:26:22-76
27
28    <permission
28-->[androidx.core:core:1.10.1] AndroidManifest.xml:22:5-24:47
29        android:name="com.psyche.mindscape.DYNAMIC_RECEIVER_NOT_EXPORTED_PERMISSION"
29-->[androidx.core:core:1.10.1] AndroidManifest.xml:23:9-81
30        android:protectionLevel="signature" />
30-->[androidx.core:core:1.10.1] AndroidManifest.xml:24:9-44
31
32    <uses-permission android:name="com.psyche.mindscape.DYNAMIC_RECEIVER_NOT_EXPORTED_PERMISSION" />
32-->[androidx.core:core:1.10.1] AndroidManifest.xml:26:5-97
32-->[androidx.core:core:1.10.1] AndroidManifest.xml:26:22-94
33
34    <application
34-->src\main\AndroidManifest.xml:9:5-63:19
35        android:appComponentFactory="androidx.core.app.CoreComponentFactory"
35-->[androidx.core:core:1.10.1] AndroidManifest.xml:28:18-86
36        android:icon="@mipmap/ic_launcher"
36-->src\main\AndroidManifest.xml:12:9-43
37        android:label="mindscape"
37-->src\main\AndroidManifest.xml:10:9-34
38        android:requestLegacyExternalStorage="true" >
38-->src\main\AndroidManifest.xml:13:9-52
39        <activity
39-->src\main\AndroidManifest.xml:15:9-53:20
40            android:name="com.psyche.mindscape.MainActivity"
40-->src\main\AndroidManifest.xml:16:13-41
41            android:configChanges="orientation|keyboardHidden|keyboard|screenSize|smallestScreenSize|locale|layoutDirection|fontScale|screenLayout|density|uiMode"
41-->src\main\AndroidManifest.xml:20:13-163
42            android:exported="true"
42-->src\main\AndroidManifest.xml:17:13-36
43            android:hardwareAccelerated="true"
43-->src\main\AndroidManifest.xml:21:13-47
44            android:launchMode="singleTop"
44-->src\main\AndroidManifest.xml:18:13-43
45            android:theme="@style/LaunchTheme"
45-->src\main\AndroidManifest.xml:19:13-47
46            android:windowSoftInputMode="adjustResize" >
46-->src\main\AndroidManifest.xml:22:13-55
47
48            <!--
49                 Specifies an Android theme to apply to this Activity as soon as
50                 the Android process has started. This theme is visible to the user
51                 while the Flutter UI initializes. After that, this theme continues
52                 to determine the Window background behind the Flutter UI.
53            -->
54            <meta-data
54-->src\main\AndroidManifest.xml:27:13-30:17
55                android:name="io.flutter.embedding.android.NormalTheme"
55-->src\main\AndroidManifest.xml:28:15-70
56                android:resource="@style/NormalTheme" />
56-->src\main\AndroidManifest.xml:29:15-52
57            <!--
58                 Displays an Android View that continues showing the launch screen
59                 Drawable until Flutter paints its first frame, then this splash
60                 screen fades out. A splash screen is useful to avoid any visual
61                 gap between the end of Android's launch screen and the painting of
62                 Flutter's first frame.
63            -->
64            <meta-data
64-->src\main\AndroidManifest.xml:36:13-39:17
65                android:name="io.flutter.embedding.android.SplashScreenDrawable"
65-->src\main\AndroidManifest.xml:37:15-79
66                android:resource="@drawable/launch_background" />
66-->src\main\AndroidManifest.xml:38:15-61
67
68            <intent-filter>
68-->src\main\AndroidManifest.xml:40:13-43:29
69                <action android:name="android.intent.action.MAIN" />
69-->src\main\AndroidManifest.xml:41:17-68
69-->src\main\AndroidManifest.xml:41:25-66
70
71                <category android:name="android.intent.category.LAUNCHER" />
71-->src\main\AndroidManifest.xml:42:17-76
71-->src\main\AndroidManifest.xml:42:27-74
72            </intent-filter>
73            <!-- Deep linking -->
74            <meta-data
74-->src\main\AndroidManifest.xml:45:13-90
75                android:name="flutter_deeplinking_enabled"
75-->src\main\AndroidManifest.xml:45:24-66
76                android:value="true" />
76-->src\main\AndroidManifest.xml:45:67-87
77
78            <intent-filter android:autoVerify="true" >
78-->src\main\AndroidManifest.xml:46:13-51:29
78-->src\main\AndroidManifest.xml:46:28-53
79                <action android:name="android.intent.action.VIEW" />
79-->src\main\AndroidManifest.xml:47:17-69
79-->src\main\AndroidManifest.xml:47:25-66
80
81                <category android:name="android.intent.category.DEFAULT" />
81-->src\main\AndroidManifest.xml:48:17-76
81-->src\main\AndroidManifest.xml:48:27-73
82                <category android:name="android.intent.category.BROWSABLE" />
82-->src\main\AndroidManifest.xml:49:17-78
82-->src\main\AndroidManifest.xml:49:27-75
83
84                <data
84-->src\main\AndroidManifest.xml:50:17-81
85                    android:host="mindscape.com"
85-->src\main\AndroidManifest.xml:50:50-78
86                    android:scheme="mindscape" />
86-->src\main\AndroidManifest.xml:50:23-49
87            </intent-filter>
88        </activity>
89
90        <!--
91             Don't delete the meta-data below.
92             This is used by the Flutter tool to generate GeneratedPluginRegistrant.java
93        -->
94        <meta-data
94-->src\main\AndroidManifest.xml:57:9-59:33
95            android:name="flutterEmbedding"
95-->src\main\AndroidManifest.xml:58:13-44
96            android:value="2" />
96-->src\main\AndroidManifest.xml:59:13-30
97
98        <service
98-->[:cloud_firestore] AndroidManifest.xml:10:9-14:19
99            android:name="com.google.firebase.components.ComponentDiscoveryService"
99-->[:cloud_firestore] AndroidManifest.xml:10:18-89
100            android:directBootAware="true"
100-->[com.google.firebase:firebase-common:20.4.2] AndroidManifest.xml:32:13-43
101            android:exported="false" >
101-->[com.google.firebase:firebase-auth:22.3.0] AndroidManifest.xml:68:13-37
102            <meta-data
102-->[:cloud_firestore] AndroidManifest.xml:11:13-13:85
103                android:name="com.google.firebase.components:io.flutter.plugins.firebase.firestore.FlutterFirebaseFirestoreRegistrar"
103-->[:cloud_firestore] AndroidManifest.xml:12:17-134
104                android:value="com.google.firebase.components.ComponentRegistrar" />
104-->[:cloud_firestore] AndroidManifest.xml:13:17-82
105            <meta-data
105-->[:firebase_auth] AndroidManifest.xml:11:13-13:85
106                android:name="com.google.firebase.components:io.flutter.plugins.firebase.auth.FlutterFirebaseAuthRegistrar"
106-->[:firebase_auth] AndroidManifest.xml:12:17-124
107                android:value="com.google.firebase.components.ComponentRegistrar" />
107-->[:firebase_auth] AndroidManifest.xml:13:17-82
108            <meta-data
108-->[:firebase_storage] AndroidManifest.xml:11:13-13:85
109                android:name="com.google.firebase.components:io.flutter.plugins.firebase.storage.FlutterFirebaseAppRegistrar"
109-->[:firebase_storage] AndroidManifest.xml:12:17-126
110                android:value="com.google.firebase.components.ComponentRegistrar" />
110-->[:firebase_storage] AndroidManifest.xml:13:17-82
111            <meta-data
111-->[:firebase_core] AndroidManifest.xml:11:13-13:85
112                android:name="com.google.firebase.components:io.flutter.plugins.firebase.core.FlutterFirebaseCoreRegistrar"
112-->[:firebase_core] AndroidManifest.xml:12:17-124
113                android:value="com.google.firebase.components.ComponentRegistrar" />
113-->[:firebase_core] AndroidManifest.xml:13:17-82
114            <meta-data
114-->[com.google.firebase:firebase-auth:22.3.0] AndroidManifest.xml:69:13-71:85
115                android:name="com.google.firebase.components:com.google.firebase.auth.FirebaseAuthRegistrar"
115-->[com.google.firebase:firebase-auth:22.3.0] AndroidManifest.xml:70:17-109
116                android:value="com.google.firebase.components.ComponentRegistrar" />
116-->[com.google.firebase:firebase-auth:22.3.0] AndroidManifest.xml:71:17-82
117            <meta-data
117-->[com.google.firebase:firebase-firestore:24.9.1] AndroidManifest.xml:17:13-19:85
118                android:name="com.google.firebase.components:com.google.firebase.firestore.FirebaseFirestoreKtxRegistrar"
118-->[com.google.firebase:firebase-firestore:24.9.1] AndroidManifest.xml:18:17-122
119                android:value="com.google.firebase.components.ComponentRegistrar" />
119-->[com.google.firebase:firebase-firestore:24.9.1] AndroidManifest.xml:19:17-82
120            <meta-data
120-->[com.google.firebase:firebase-firestore:24.9.1] AndroidManifest.xml:20:13-22:85
121                android:name="com.google.firebase.components:com.google.firebase.firestore.FirestoreRegistrar"
121-->[com.google.firebase:firebase-firestore:24.9.1] AndroidManifest.xml:21:17-111
122                android:value="com.google.firebase.components.ComponentRegistrar" />
122-->[com.google.firebase:firebase-firestore:24.9.1] AndroidManifest.xml:22:17-82
123            <meta-data
123-->[com.google.firebase:firebase-storage:20.3.0] AndroidManifest.xml:30:13-32:85
124                android:name="com.google.firebase.components:com.google.firebase.storage.FirebaseStorageKtxRegistrar"
124-->[com.google.firebase:firebase-storage:20.3.0] AndroidManifest.xml:31:17-118
125                android:value="com.google.firebase.components.ComponentRegistrar" />
125-->[com.google.firebase:firebase-storage:20.3.0] AndroidManifest.xml:32:17-82
126            <meta-data
126-->[com.google.firebase:firebase-storage:20.3.0] AndroidManifest.xml:33:13-35:85
127                android:name="com.google.firebase.components:com.google.firebase.storage.StorageRegistrar"
127-->[com.google.firebase:firebase-storage:20.3.0] AndroidManifest.xml:34:17-107
128                android:value="com.google.firebase.components.ComponentRegistrar" />
128-->[com.google.firebase:firebase-storage:20.3.0] AndroidManifest.xml:35:17-82
129            <meta-data
129-->[com.google.firebase:firebase-appcheck:17.1.1] AndroidManifest.xml:25:13-27:85
130                android:name="com.google.firebase.components:com.google.firebase.appcheck.FirebaseAppCheckKtxRegistrar"
130-->[com.google.firebase:firebase-appcheck:17.1.1] AndroidManifest.xml:26:17-120
131                android:value="com.google.firebase.components.ComponentRegistrar" />
131-->[com.google.firebase:firebase-appcheck:17.1.1] AndroidManifest.xml:27:17-82
132            <meta-data
132-->[com.google.firebase:firebase-appcheck:17.1.1] AndroidManifest.xml:28:13-30:85
133                android:name="com.google.firebase.components:com.google.firebase.appcheck.FirebaseAppCheckRegistrar"
133-->[com.google.firebase:firebase-appcheck:17.1.1] AndroidManifest.xml:29:17-117
134                android:value="com.google.firebase.components.ComponentRegistrar" />
134-->[com.google.firebase:firebase-appcheck:17.1.1] AndroidManifest.xml:30:17-82
135            <meta-data
135-->[com.google.firebase:firebase-common-ktx:20.4.2] AndroidManifest.xml:12:13-14:85
136                android:name="com.google.firebase.components:com.google.firebase.ktx.FirebaseCommonLegacyRegistrar"
136-->[com.google.firebase:firebase-common-ktx:20.4.2] AndroidManifest.xml:13:17-116
137                android:value="com.google.firebase.components.ComponentRegistrar" />
137-->[com.google.firebase:firebase-common-ktx:20.4.2] AndroidManifest.xml:14:17-82
138            <meta-data
138-->[com.google.firebase:firebase-common:20.4.2] AndroidManifest.xml:35:13-37:85
139                android:name="com.google.firebase.components:com.google.firebase.FirebaseCommonKtxRegistrar"
139-->[com.google.firebase:firebase-common:20.4.2] AndroidManifest.xml:36:17-109
140                android:value="com.google.firebase.components.ComponentRegistrar" />
140-->[com.google.firebase:firebase-common:20.4.2] AndroidManifest.xml:37:17-82
141        </service>
142
143        <provider
143-->[:image_picker_android] AndroidManifest.xml:10:9-18:20
144            android:name="io.flutter.plugins.imagepicker.ImagePickerFileProvider"
144-->[:image_picker_android] AndroidManifest.xml:11:13-82
145            android:authorities="com.psyche.mindscape.flutter.image_provider"
145-->[:image_picker_android] AndroidManifest.xml:12:13-74
146            android:exported="false"
146-->[:image_picker_android] AndroidManifest.xml:13:13-37
147            android:grantUriPermissions="true" >
147-->[:image_picker_android] AndroidManifest.xml:14:13-47
148            <meta-data
148-->[:image_picker_android] AndroidManifest.xml:15:13-17:75
149                android:name="android.support.FILE_PROVIDER_PATHS"
149-->[:image_picker_android] AndroidManifest.xml:16:17-67
150                android:resource="@xml/flutter_image_picker_file_paths" />
150-->[:image_picker_android] AndroidManifest.xml:17:17-72
151        </provider>
152
153        <activity
153-->[:url_launcher_android] AndroidManifest.xml:10:9-13:74
154            android:name="io.flutter.plugins.urllauncher.WebViewActivity"
154-->[:url_launcher_android] AndroidManifest.xml:11:13-74
155            android:exported="false"
155-->[:url_launcher_android] AndroidManifest.xml:12:13-37
156            android:theme="@android:style/Theme.NoTitleBar.Fullscreen" />
156-->[:url_launcher_android] AndroidManifest.xml:13:13-71
157        <!--
158           Declares a provider which allows us to store files to share in
159           '.../caches/share_plus' and grant the receiving action access
160        -->
161        <provider
161-->[:share_plus] AndroidManifest.xml:15:9-23:20
162            android:name="dev.fluttercommunity.plus.share.ShareFileProvider"
162-->[:share_plus] AndroidManifest.xml:16:13-77
163            android:authorities="com.psyche.mindscape.flutter.share_provider"
163-->[:share_plus] AndroidManifest.xml:17:13-74
164            android:exported="false"
164-->[:share_plus] AndroidManifest.xml:18:13-37
165            android:grantUriPermissions="true" >
165-->[:share_plus] AndroidManifest.xml:19:13-47
166            <meta-data
166-->[:image_picker_android] AndroidManifest.xml:15:13-17:75
167                android:name="android.support.FILE_PROVIDER_PATHS"
167-->[:image_picker_android] AndroidManifest.xml:16:17-67
168                android:resource="@xml/flutter_share_file_paths" />
168-->[:image_picker_android] AndroidManifest.xml:17:17-72
169        </provider>
170        <!--
171           This manifest declared broadcast receiver allows us to use an explicit
172           Intent when creating a PendingItent to be informed of the user's choice
173        -->
174        <receiver
174-->[:share_plus] AndroidManifest.xml:28:9-34:20
175            android:name="dev.fluttercommunity.plus.share.SharePlusPendingIntent"
175-->[:share_plus] AndroidManifest.xml:29:13-82
176            android:exported="false" >
176-->[:share_plus] AndroidManifest.xml:30:13-37
177            <intent-filter>
177-->[:share_plus] AndroidManifest.xml:31:13-33:29
178                <action android:name="EXTRA_CHOSEN_COMPONENT" />
178-->[:share_plus] AndroidManifest.xml:32:17-65
178-->[:share_plus] AndroidManifest.xml:32:25-62
179            </intent-filter>
180        </receiver>
181
182        <activity
182-->[com.google.firebase:firebase-auth:22.3.0] AndroidManifest.xml:29:9-46:20
183            android:name="com.google.firebase.auth.internal.GenericIdpActivity"
183-->[com.google.firebase:firebase-auth:22.3.0] AndroidManifest.xml:30:13-80
184            android:excludeFromRecents="true"
184-->[com.google.firebase:firebase-auth:22.3.0] AndroidManifest.xml:31:13-46
185            android:exported="true"
185-->[com.google.firebase:firebase-auth:22.3.0] AndroidManifest.xml:32:13-36
186            android:launchMode="singleTask"
186-->[com.google.firebase:firebase-auth:22.3.0] AndroidManifest.xml:33:13-44
187            android:theme="@android:style/Theme.Translucent.NoTitleBar" >
187-->[com.google.firebase:firebase-auth:22.3.0] AndroidManifest.xml:34:13-72
188            <intent-filter>
188-->[com.google.firebase:firebase-auth:22.3.0] AndroidManifest.xml:35:13-45:29
189                <action android:name="android.intent.action.VIEW" />
189-->src\main\AndroidManifest.xml:47:17-69
189-->src\main\AndroidManifest.xml:47:25-66
190
191                <category android:name="android.intent.category.DEFAULT" />
191-->src\main\AndroidManifest.xml:48:17-76
191-->src\main\AndroidManifest.xml:48:27-73
192                <category android:name="android.intent.category.BROWSABLE" />
192-->src\main\AndroidManifest.xml:49:17-78
192-->src\main\AndroidManifest.xml:49:27-75
193
194                <data
194-->src\main\AndroidManifest.xml:50:17-81
195                    android:host="firebase.auth"
195-->src\main\AndroidManifest.xml:50:50-78
196                    android:path="/"
197                    android:scheme="genericidp" />
197-->src\main\AndroidManifest.xml:50:23-49
198            </intent-filter>
199        </activity>
200        <activity
200-->[com.google.firebase:firebase-auth:22.3.0] AndroidManifest.xml:47:9-64:20
201            android:name="com.google.firebase.auth.internal.RecaptchaActivity"
201-->[com.google.firebase:firebase-auth:22.3.0] AndroidManifest.xml:48:13-79
202            android:excludeFromRecents="true"
202-->[com.google.firebase:firebase-auth:22.3.0] AndroidManifest.xml:49:13-46
203            android:exported="true"
203-->[com.google.firebase:firebase-auth:22.3.0] AndroidManifest.xml:50:13-36
204            android:launchMode="singleTask"
204-->[com.google.firebase:firebase-auth:22.3.0] AndroidManifest.xml:51:13-44
205            android:theme="@android:style/Theme.Translucent.NoTitleBar" >
205-->[com.google.firebase:firebase-auth:22.3.0] AndroidManifest.xml:52:13-72
206            <intent-filter>
206-->[com.google.firebase:firebase-auth:22.3.0] AndroidManifest.xml:53:13-63:29
207                <action android:name="android.intent.action.VIEW" />
207-->src\main\AndroidManifest.xml:47:17-69
207-->src\main\AndroidManifest.xml:47:25-66
208
209                <category android:name="android.intent.category.DEFAULT" />
209-->src\main\AndroidManifest.xml:48:17-76
209-->src\main\AndroidManifest.xml:48:27-73
210                <category android:name="android.intent.category.BROWSABLE" />
210-->src\main\AndroidManifest.xml:49:17-78
210-->src\main\AndroidManifest.xml:49:27-75
211
212                <data
212-->src\main\AndroidManifest.xml:50:17-81
213                    android:host="firebase.auth"
213-->src\main\AndroidManifest.xml:50:50-78
214                    android:path="/"
215                    android:scheme="recaptcha" />
215-->src\main\AndroidManifest.xml:50:23-49
216            </intent-filter>
217        </activity>
218
219        <provider
219-->[com.google.firebase:firebase-common:20.4.2] AndroidManifest.xml:23:9-28:39
220            android:name="com.google.firebase.provider.FirebaseInitProvider"
220-->[com.google.firebase:firebase-common:20.4.2] AndroidManifest.xml:24:13-77
221            android:authorities="com.psyche.mindscape.firebaseinitprovider"
221-->[com.google.firebase:firebase-common:20.4.2] AndroidManifest.xml:25:13-72
222            android:directBootAware="true"
222-->[com.google.firebase:firebase-common:20.4.2] AndroidManifest.xml:26:13-43
223            android:exported="false"
223-->[com.google.firebase:firebase-common:20.4.2] AndroidManifest.xml:27:13-37
224            android:initOrder="100" />
224-->[com.google.firebase:firebase-common:20.4.2] AndroidManifest.xml:28:13-36
225
226        <activity
226-->[com.google.android.gms:play-services-auth:20.7.0] AndroidManifest.xml:23:9-27:75
227            android:name="com.google.android.gms.auth.api.signin.internal.SignInHubActivity"
227-->[com.google.android.gms:play-services-auth:20.7.0] AndroidManifest.xml:24:13-93
228            android:excludeFromRecents="true"
228-->[com.google.android.gms:play-services-auth:20.7.0] AndroidManifest.xml:25:13-46
229            android:exported="false"
229-->[com.google.android.gms:play-services-auth:20.7.0] AndroidManifest.xml:26:13-37
230            android:theme="@android:style/Theme.Translucent.NoTitleBar" />
230-->[com.google.android.gms:play-services-auth:20.7.0] AndroidManifest.xml:27:13-72
231        <!--
232            Service handling Google Sign-In user revocation. For apps that do not integrate with
233            Google Sign-In, this service will never be started.
234        -->
235        <service
235-->[com.google.android.gms:play-services-auth:20.7.0] AndroidManifest.xml:33:9-37:51
236            android:name="com.google.android.gms.auth.api.signin.RevocationBoundService"
236-->[com.google.android.gms:play-services-auth:20.7.0] AndroidManifest.xml:34:13-89
237            android:exported="true"
237-->[com.google.android.gms:play-services-auth:20.7.0] AndroidManifest.xml:35:13-36
238            android:permission="com.google.android.gms.auth.api.signin.permission.REVOCATION_NOTIFICATION"
238-->[com.google.android.gms:play-services-auth:20.7.0] AndroidManifest.xml:36:13-107
239            android:visibleToInstantApps="true" />
239-->[com.google.android.gms:play-services-auth:20.7.0] AndroidManifest.xml:37:13-48
240
241        <activity
241-->[com.google.android.gms:play-services-base:18.0.1] AndroidManifest.xml:20:9-22:45
242            android:name="com.google.android.gms.common.api.GoogleApiActivity"
242-->[com.google.android.gms:play-services-base:18.0.1] AndroidManifest.xml:20:19-85
243            android:exported="false"
243-->[com.google.android.gms:play-services-base:18.0.1] AndroidManifest.xml:22:19-43
244            android:theme="@android:style/Theme.Translucent.NoTitleBar" />
244-->[com.google.android.gms:play-services-base:18.0.1] AndroidManifest.xml:21:19-78
245
246        <meta-data
246-->[com.google.android.gms:play-services-basement:18.2.0] AndroidManifest.xml:21:9-23:69
247            android:name="com.google.android.gms.version"
247-->[com.google.android.gms:play-services-basement:18.2.0] AndroidManifest.xml:22:13-58
248            android:value="@integer/google_play_services_version" />
248-->[com.google.android.gms:play-services-basement:18.2.0] AndroidManifest.xml:23:13-66
249
250        <uses-library
250-->[androidx.window:window:1.0.0-beta04] AndroidManifest.xml:25:9-27:40
251            android:name="androidx.window.extensions"
251-->[androidx.window:window:1.0.0-beta04] AndroidManifest.xml:26:13-54
252            android:required="false" />
252-->[androidx.window:window:1.0.0-beta04] AndroidManifest.xml:27:13-37
253        <uses-library
253-->[androidx.window:window:1.0.0-beta04] AndroidManifest.xml:28:9-30:40
254            android:name="androidx.window.sidecar"
254-->[androidx.window:window:1.0.0-beta04] AndroidManifest.xml:29:13-51
255            android:required="false" />
255-->[androidx.window:window:1.0.0-beta04] AndroidManifest.xml:30:13-37
256
257        <provider
257-->[androidx.profileinstaller:profileinstaller:1.3.0] AndroidManifest.xml:24:9-32:20
258            android:name="androidx.startup.InitializationProvider"
258-->[androidx.profileinstaller:profileinstaller:1.3.0] AndroidManifest.xml:25:13-67
259            android:authorities="com.psyche.mindscape.androidx-startup"
259-->[androidx.profileinstaller:profileinstaller:1.3.0] AndroidManifest.xml:26:13-68
260            android:exported="false" >
260-->[androidx.profileinstaller:profileinstaller:1.3.0] AndroidManifest.xml:27:13-37
261            <meta-data
261-->[androidx.profileinstaller:profileinstaller:1.3.0] AndroidManifest.xml:29:13-31:52
262                android:name="androidx.profileinstaller.ProfileInstallerInitializer"
262-->[androidx.profileinstaller:profileinstaller:1.3.0] AndroidManifest.xml:30:17-85
263                android:value="androidx.startup" />
263-->[androidx.profileinstaller:profileinstaller:1.3.0] AndroidManifest.xml:31:17-49
264        </provider>
265
266        <receiver
266-->[androidx.profileinstaller:profileinstaller:1.3.0] AndroidManifest.xml:34:9-52:20
267            android:name="androidx.profileinstaller.ProfileInstallReceiver"
267-->[androidx.profileinstaller:profileinstaller:1.3.0] AndroidManifest.xml:35:13-76
268            android:directBootAware="false"
268-->[androidx.profileinstaller:profileinstaller:1.3.0] AndroidManifest.xml:36:13-44
269            android:enabled="true"
269-->[androidx.profileinstaller:profileinstaller:1.3.0] AndroidManifest.xml:37:13-35
270            android:exported="true"
270-->[androidx.profileinstaller:profileinstaller:1.3.0] AndroidManifest.xml:38:13-36
271            android:permission="android.permission.DUMP" >
271-->[androidx.profileinstaller:profileinstaller:1.3.0] AndroidManifest.xml:39:13-57
272            <intent-filter>
272-->[androidx.profileinstaller:profileinstaller:1.3.0] AndroidManifest.xml:40:13-42:29
273                <action android:name="androidx.profileinstaller.action.INSTALL_PROFILE" />
273-->[androidx.profileinstaller:profileinstaller:1.3.0] AndroidManifest.xml:41:17-91
273-->[androidx.profileinstaller:profileinstaller:1.3.0] AndroidManifest.xml:41:25-88
274            </intent-filter>
275            <intent-filter>
275-->[androidx.profileinstaller:profileinstaller:1.3.0] AndroidManifest.xml:43:13-45:29
276                <action android:name="androidx.profileinstaller.action.SKIP_FILE" />
276-->[androidx.profileinstaller:profileinstaller:1.3.0] AndroidManifest.xml:44:17-85
276-->[androidx.profileinstaller:profileinstaller:1.3.0] AndroidManifest.xml:44:25-82
277            </intent-filter>
278            <intent-filter>
278-->[androidx.profileinstaller:profileinstaller:1.3.0] AndroidManifest.xml:46:13-48:29
279                <action android:name="androidx.profileinstaller.action.SAVE_PROFILE" />
279-->[androidx.profileinstaller:profileinstaller:1.3.0] AndroidManifest.xml:47:17-88
279-->[androidx.profileinstaller:profileinstaller:1.3.0] AndroidManifest.xml:47:25-85
280            </intent-filter>
281            <intent-filter>
281-->[androidx.profileinstaller:profileinstaller:1.3.0] AndroidManifest.xml:49:13-51:29
282                <action android:name="androidx.profileinstaller.action.BENCHMARK_OPERATION" />
282-->[androidx.profileinstaller:profileinstaller:1.3.0] AndroidManifest.xml:50:17-95
282-->[androidx.profileinstaller:profileinstaller:1.3.0] AndroidManifest.xml:50:25-92
283            </intent-filter>
284        </receiver>
285    </application>
286
287</manifest>